<?xml version="1.0" encoding="UTF-8"?>
<testng-results ignored="0" total="3" passed="3" failed="0" skipped="0">
  <reporter-output>
  </reporter-output>
  <suite started-at="2023-05-06T16:49:54 EET" name="Practice Suite" finished-at="2023-05-06T16:50:04 EET" duration-ms="9327">
    <groups>
    </groups>
    <test started-at="2023-05-06T16:49:54 EET" name="Test Basics 1" finished-at="2023-05-06T16:50:04 EET" duration-ms="9327">
      <class name="TestClass1">
        <test-method is-config="true" signature="launchDriver()[pri:0, instance:TestClass1@33990a0c]" started-at="2023-05-06T16:49:55 EET" name="launchDriver" finished-at="2023-05-06T16:49:57 EET" duration-ms="2262" status="PASS">
          <reporter-output>
          </reporter-output>
        </test-method> <!-- launchDriver -->
        <test-method signature="Test1()[pri:0, instance:TestClass1@33990a0c]" started-at="2023-05-06T16:49:57 EET" name="Test1" finished-at="2023-05-06T16:49:58 EET" duration-ms="1034" status="PASS">
          <reporter-output>
          </reporter-output>
        </test-method> <!-- Test1 -->
        <test-method is-config="true" signature="quit()[pri:0, instance:TestClass1@33990a0c]" started-at="2023-05-06T16:49:58 EET" name="quit" finished-at="2023-05-06T16:49:59 EET" duration-ms="694" status="PASS">
          <reporter-output>
          </reporter-output>
        </test-method> <!-- quit -->
        <test-method is-config="true" signature="launchDriver()[pri:0, instance:TestClass1@33990a0c]" started-at="2023-05-06T16:49:59 EET" name="launchDriver" finished-at="2023-05-06T16:50:00 EET" duration-ms="1059" status="PASS">
          <reporter-output>
          </reporter-output>
        </test-method> <!-- launchDriver -->
        <test-method signature="Test2()[pri:0, instance:TestClass1@33990a0c]" started-at="2023-05-06T16:50:00 EET" name="Test2" finished-at="2023-05-06T16:50:01 EET" duration-ms="1087" status="PASS">
          <reporter-output>
          </reporter-output>
        </test-method> <!-- Test2 -->
        <test-method is-config="true" signature="quit()[pri:0, instance:TestClass1@33990a0c]" started-at="2023-05-06T16:50:01 EET" name="quit" finished-at="2023-05-06T16:50:01 EET" duration-ms="658" status="PASS">
          <reporter-output>
          </reporter-output>
        </test-method> <!-- quit -->
        <test-method is-config="true" signature="launchDriver()[pri:0, instance:TestClass1@33990a0c]" started-at="2023-05-06T16:50:01 EET" name="launchDriver" finished-at="2023-05-06T16:50:02 EET" duration-ms="882" status="PASS">
          <reporter-output>
          </reporter-output>
        </test-method> <!-- launchDriver -->
        <test-method signature="Test3()[pri:0, instance:TestClass1@33990a0c]" started-at="2023-05-06T16:50:02 EET" name="Test3" finished-at="2023-05-06T16:50:03 EET" duration-ms="960" status="PASS">
          <reporter-output>
          </reporter-output>
        </test-method> <!-- Test3 -->
        <test-method is-config="true" signature="quit()[pri:0, instance:TestClass1@33990a0c]" started-at="2023-05-06T16:50:03 EET" name="quit" finished-at="2023-05-06T16:50:04 EET" duration-ms="650" status="PASS">
          <reporter-output>
          </reporter-output>
        </test-method> <!-- quit -->
      </class> <!-- TestClass1 -->
    </test> <!-- Test Basics 1 -->
  </suite> <!-- Practice Suite -->
</testng-results>
